\BOOKMARK [0][-]{chapter.1}{\376\377\000S\000O\000D\000A\000S\000+\000\040\306\044\325\010\000\040\263\160\307\164\321\060\000\040\300\335\320\334\254\304\000\040\254\034\306\224}{}% 1
\BOOKMARK [1][-]{section.1.1}{\376\377\000S\000O\000D\000A\000S\000+\000\040\325\014\267\253\323\374\254\374\000\040\263\160\307\164\321\060\000\040\325\310\276\014}{chapter.1}% 2
\BOOKMARK [1][-]{section.1.2}{\376\377\306\251\305\264\000\040\310\025\307\130}{chapter.1}% 3
\BOOKMARK [2][-]{subsection.1.2.1}{\376\377\263\160\307\164\321\060\000\040\325\310\276\014\000\040\000\050\000D\000a\000t\000a\000H\000u\000b\000\051}{section.1.2}% 4
\BOOKMARK [2][-]{subsection.1.2.2}{\376\377\254\160\274\204\261\014\302\244\000\040\302\334\302\244\321\134\000\040\000\050\000G\000o\000v\000e\000r\000n\000a\000n\000c\000e\000\040\000S\000y\000s\000t\000e\000m\000\051}{section.1.2}% 5
\BOOKMARK [2][-]{subsection.1.2.3}{\376\377\263\160\307\164\321\060\271\365\000\040\255\000\271\254\000\040\302\334\302\244\321\134\000,\000\040\266\020\262\224\000\040\263\160\307\164\321\060\000\040\325\310\276\014\000\040\325\014\267\253\323\374\000\040\000\050\000D\000a\000t\000a\000H\000u\000b\000\040\000P\000l\000a\000t\000f\000o\000r\000m\000\051}{section.1.2}% 6
\BOOKMARK [2][-]{subsection.1.2.4}{\376\377\263\160\307\164\321\060\325\310\276\014\000\040\300\301\326\070\306\264\306\251\000\040\302\334\302\244\321\134\000\040\000\050\000D\000a\000t\000a\000H\000u\000b\000\040\000I\000n\000t\000e\000r\000o\000p\000e\000r\000a\000b\000i\000l\000i\000t\000y\000\040\000S\000y\000s\000t\000e\000m\000\051}{section.1.2}% 7
\BOOKMARK [0][-]{chapter.2}{\376\377\000S\000O\000D\000A\000S\000+\000\040\263\160\307\164\321\060\000\040\325\310\276\014\000\040\300\301\326\070\306\264\306\251\000\040\302\334\302\244\321\134\000\040\000\050\000D\000I\000S\000\051}{}% 8
\BOOKMARK [1][-]{section.2.1}{\376\377\310\374\306\224\000\040\256\060\262\245}{chapter.2}% 9
\BOOKMARK [2][-]{subsection.2.1.1}{\376\377\254\160\274\204\261\014\302\244\000\040\302\334\302\244\321\134\305\320\301\034\000\040\274\034\325\211\325\130\262\224\000\040\324\134\311\000\000\040\314\070\310\160\000\040\272\250\263\170\000\040\263\331\256\060\326\124}{section.2.1}% 10
\BOOKMARK [2][-]{subsection.2.1.2}{\376\377\000S\000O\000D\000A\000S\000+\000\040\302\334\302\244\321\134\000\040\260\264\305\320\000\040\307\210\262\224\000\040\263\160\307\164\321\060\000\040\325\310\276\014\000\040\320\320\300\311\000\040\311\300\306\320}{section.2.1}% 11
\BOOKMARK [2][-]{subsection.2.1.3}{\376\377\320\320\300\311\000\040\264\034\000\040\263\160\307\164\321\060\000\040\325\310\276\014\000\040\311\021\000\040\255\000\302\354\000\040\310\025\274\364\254\000\000\040\254\031\307\100\000\040\263\160\307\164\321\060\000\040\325\310\276\014\306\100\307\130\000\040\302\344\302\334\254\004\000\040\263\331\256\060\326\124\000\040\311\300\306\320}{section.2.1}% 12
\BOOKMARK [1][-]{section.2.2}{\376\377\263\160\307\164\321\060\000\040\325\310\276\014\000\040\300\301\326\070\306\264\306\251\000\040\302\334\302\244\321\134\000\040\000\050\000D\000I\000S\000\051\000\040\310\025\310\001\000\040\255\154\310\160}{chapter.2}% 13
\BOOKMARK [1][-]{section.2.3}{\376\377\263\331\307\221\000\040\254\034\306\224}{chapter.2}% 14
\BOOKMARK [2][-]{subsection.2.3.1}{\376\377\263\160\307\164\321\060\000\040\325\310\276\014\000\040\302\334\307\221}{section.2.3}% 15
\BOOKMARK [2][-]{subsection.2.3.2}{\376\377\255\000\302\354\000\040\310\025\274\364\000\040\305\305\263\160\307\164\322\270}{section.2.3}% 16
\BOOKMARK [2][-]{subsection.2.3.3}{\376\377\263\160\307\164\321\060\271\365\000\040\263\331\256\060\326\124}{section.2.3}% 17
\BOOKMARK [1][-]{section.2.4}{\376\377\263\160\307\164\321\060\000\040\271\365\000\040\255\000\271\254\000\040\302\334\302\244\321\134\254\374\307\130\000\040\305\360\263\331\000\040\255\154\310\160}{chapter.2}% 18
\BOOKMARK [0][-]{chapter.3}{\376\377\000D\000a\000e\000m\000o\000n}{}% 19
\BOOKMARK [1][-]{section.3.1}{\376\377\000D\000H\000D\000a\000e\000m\000o\000n}{chapter.3}% 20
\BOOKMARK [1][-]{section.3.2}{\376\377\000c\000t\000r\000l\000K\000a\000f\000k\000a}{chapter.3}% 21
\BOOKMARK [2][-]{subsection.3.2.1}{\376\377\000c\000t\000r\000l\000C\000o\000n\000s\000u\000m\000e\000r}{section.3.2}% 22
\BOOKMARK [2][-]{subsection.3.2.2}{\376\377\000c\000t\000r\000l\000P\000r\000o\000d\000u\000c\000e\000r}{section.3.2}% 23
\BOOKMARK [1][-]{section.3.3}{\376\377\000D\000a\000e\000m\000o\000n\000\040\000S\000e\000r\000v\000e\000r}{chapter.3}% 24
\BOOKMARK [0][-]{chapter.4}{\376\377\000D\000H\000S\000e\000a\000r\000c\000h}{}% 25
\BOOKMARK [1][-]{section.4.1}{\376\377\000D\000H\000S\000e\000a\000r\000c\000h}{chapter.4}% 26
\BOOKMARK [1][-]{section.4.2}{\376\377\000K\000a\000d\000e\000m\000l\000i\000a}{chapter.4}% 27
\BOOKMARK [2][-]{subsection.4.2.1}{\376\377\000K\000N\000o\000d\000e}{section.4.2}% 28
\BOOKMARK [2][-]{subsection.4.2.2}{\376\377\000B\000u\000c\000k\000e\000t}{section.4.2}% 29
\BOOKMARK [2][-]{subsection.4.2.3}{\376\377\000R\000P\000C}{section.4.2}% 30
\BOOKMARK [1][-]{section.4.3}{\376\377\000B\000o\000o\000t\000s\000t\000r\000a\000p\000.\000p\000r\000o\000t\000o}{chapter.4}% 31
\BOOKMARK [0][-]{chapter.5}{\376\377\000R\000M\000S\000y\000n\000c}{}% 32
\BOOKMARK [1][-]{section.5.1}{\376\377\000R\000M\000S\000y\000n\000c}{chapter.5}% 33
\BOOKMARK [1][-]{section.5.2}{\376\377\000R\000M\000S\000e\000s\000s\000i\000o\000n\000.\000p\000r\000o\000t\000o}{chapter.5}% 34
\BOOKMARK [1][-]{section.5.3}{\376\377\000R\000M\000S\000e\000s\000s\000i\000o\000n\000S\000y\000n\000c\000.\000p\000r\000o\000t\000o}{chapter.5}% 35
\BOOKMARK [0][-]{chapter.6}{\376\377\000S\000e\000s\000s\000i\000o\000n\000M\000a\000n\000a\000g\000e\000r}{}% 36
\BOOKMARK [1][-]{section.6.1}{\376\377\000S\000e\000s\000s\000i\000o\000n\000M\000a\000n\000a\000g\000e\000r}{chapter.6}% 37
\BOOKMARK [1][-]{section.6.2}{\376\377\000S\000e\000s\000s\000i\000o\000n\000R\000e\000q\000u\000e\000s\000t\000e\000r}{chapter.6}% 38
\BOOKMARK [1][-]{section.6.3}{\376\377\000S\000e\000s\000s\000i\000o\000n\000L\000i\000s\000t\000e\000n\000e\000r}{chapter.6}% 39
\BOOKMARK [1][-]{section.6.4}{\376\377\000S\000e\000s\000s\000i\000o\000n}{chapter.6}% 40
\BOOKMARK [1][-]{section.6.5}{\376\377\000S\000e\000s\000s\000i\000o\000n\000N\000e\000g\000o\000t\000i\000a\000t\000i\000o\000n\000.\000p\000r\000o\000t\000o}{chapter.6}% 41
\BOOKMARK [1][-]{section.6.6}{\376\377\000S\000e\000s\000s\000i\000o\000n\000S\000y\000n\000c\000.\000p\000r\000o\000t\000o}{chapter.6}% 42
\BOOKMARK [0][-]{chapter.7}{\376\377\000V\000e\000r\000s\000i\000o\000n\000C\000o\000n\000t\000r\000o\000l}{}% 43
\BOOKMARK [1][-]{section.7.1}{\376\377\000V\000C\000M\000o\000d\000u\000l\000e}{chapter.7}% 44
\BOOKMARK [1][-]{section.7.2}{\376\377\000V\000C\000C\000o\000n\000s\000u\000m\000e\000r}{chapter.7}% 45
\BOOKMARK [1][-]{section.7.3}{\376\377\000V\000e\000r\000s\000i\000o\000n\000C\000o\000n\000t\000r\000o\000l\000l\000e\000r}{chapter.7}% 46
\BOOKMARK [2][-]{subsection.7.3.1}{\376\377\000v\000e\000r\000s\000i\000o\000n\000C\000o\000n\000t\000r\000o\000l\000l\000e\000r}{section.7.3}% 47
\BOOKMARK [2][-]{subsection.7.3.2}{\376\377\000p\000u\000b\000l\000i\000s\000h\000V\000C}{section.7.3}% 48
\BOOKMARK [2][-]{subsection.7.3.3}{\376\377\000s\000u\000b\000s\000c\000r\000i\000b\000e\000V\000C}{section.7.3}% 49
\BOOKMARK [0][-]{section*.168}{\376\377\300\311\307\170}{}% 50
